#
# There is insufficient memory for the Java Runtime Environment to continue.
# Native memory allocation (malloc) failed to allocate 32744 bytes for ChunkPool::allocate
# Possible reasons:
#   The system is out of physical RAM or swap space
#   The process is running with CompressedOops enabled, and the Java Heap may be blocking the growth of the native heap
# Possible solutions:
#   Reduce memory load on the system
#   Increase physical memory or swap space
#   Check if swap backing store is full
#   Decrease Java heap size (-Xmx/-Xms)
#   Decrease number of Java threads
#   Decrease Java thread stack sizes (-Xss)
#   Set larger code cache with -XX:ReservedCodeCacheSize=
#   JVM is running with Zero Based Compressed Oops mode in which the Java heap is
#     placed in the first 32GB address space. The Java Heap base address is the
#     maximum limit for the native heap growth. Please use -XX:HeapBaseMinAddress
#     to set the Java Heap base and to place the Java Heap above 32GB virtual address.
# This output file may be truncated or incomplete.
#
#  Out of Memory Error (allocation.cpp:272), pid=3716, tid=0x0000000000001bfc
#
# JRE version: OpenJDK Runtime Environment (8.0_242-b01) (build 1.8.0_242-release-1644-b01)
# Java VM: OpenJDK 64-Bit Server VM (25.242-b01 mixed mode windows-amd64 compressed oops)
# Failed to write core dump. Minidumps are not enabled by default on client versions of Windows
#

---------------  T H R E A D  ---------------

Current thread (0x000000001a1f1800):  JavaThread "C1 CompilerThread2" daemon [_thread_in_vm, id=7164, stack(0x000000001ba40000,0x000000001bb40000)]

Stack: [0x000000001ba40000,0x000000001bb40000]
[error occurred during error reporting (printing stack bounds), id 0xc0000005]

Native frames: (J=compiled Java code, j=interpreted, Vv=VM code, C=native code)


---------------  P R O C E S S  ---------------

Java Threads: ( => current thread )
=>0x000000001a1f1800 JavaThread "C1 CompilerThread2" daemon [_thread_in_vm, id=7164, stack(0x000000001ba40000,0x000000001bb40000)]
  0x000000001a1e9800 JavaThread "C2 CompilerThread1" daemon [_thread_blocked, id=4772, stack(0x000000001b940000,0x000000001ba40000)]
  0x000000001a1e5800 JavaThread "C2 CompilerThread0" daemon [_thread_in_vm, id=616, stack(0x000000001b840000,0x000000001b940000)]
  0x000000001a1e2000 JavaThread "Attach Listener" daemon [_thread_blocked, id=8052, stack(0x000000001b740000,0x000000001b840000)]
  0x000000001a1e0800 JavaThread "Signal Dispatcher" daemon [_thread_blocked, id=4232, stack(0x000000001b640000,0x000000001b740000)]
  0x000000000310b000 JavaThread "Finalizer" daemon [_thread_blocked, id=3132, stack(0x000000001b440000,0x000000001b540000)]
  0x000000001a1c9000 JavaThread "Reference Handler" daemon [_thread_blocked, id=3088, stack(0x000000001b340000,0x000000001b440000)]
  0x000000000300d800 JavaThread "main" [_thread_in_vm, id=8356, stack(0x0000000002eb0000,0x0000000002fb0000)]

Other Threads:
  0x000000001a1a6000 VMThread [stack: 0x000000001b240000,0x000000001b340000] [id=3084]

VM state:not at safepoint (normal execution)

VM Mutex/Monitor currently owned by a thread: None

heap address: 0x0000000701a00000, size: 3046 MB, Compressed Oops mode: Zero based, Oop shift amount: 3
Narrow klass base: 0x0000000000000000, Narrow klass shift: 3
Compressed class space size: 1073741824 Address: 0x00000007c0000000

Heap:
 PSYoungGen      total 57344K, used 983K [0x0000000780900000, 0x0000000784900000, 0x00000007c0000000)
  eden space 49152K, 2% used [0x0000000780900000,0x00000007809f5c38,0x0000000783900000)
  from space 8192K, 0% used [0x0000000784100000,0x0000000784100000,0x0000000784900000)
  to   space 8192K, 0% used [0x0000000783900000,0x0000000783900000,0x0000000784100000)
 ParOldGen       total 131072K, used 0K [0x0000000701a00000, 0x0000000709a00000, 0x0000000780900000)
  object space 131072K, 0% used [0x0000000701a00000,0x0000000701a00000,0x0000000709a00000)
 Metaspace       used 2085K, capacity 4480K, committed 4480K, reserved 1056768K
  class space    used 222K, capacity 384K, committed 384K, reserved 1048576K

Card table byte_map: [0x00000000124d0000,0x0000000012ad0000] byte_map_base: 0x000000000ecc3000

Marking Bits: (ParMarkBitMap*) 0x00000000582ef030
 Begin Bits: [0x00000000132d0000, 0x0000000016268000)
 End Bits:   [0x0000000016268000, 0x0000000019200000)

Polling page: 0x0000000002fb0000

CodeCache: size=245760Kb used=1005Kb max_used=1005Kb free=244754Kb
 bounds [0x0000000003110000, 0x0000000003380000, 0x0000000012110000]
 total_blobs=174 nmethods=0 adapters=128
 compilation: enabled

Compilation events (0 events):
No events

GC Heap History (0 events):
No events

Deoptimization events (0 events):
No events

Classes redefined (0 events):
No events

Internal exceptions (2 events):
Event: 0.067 Thread 0x000000000300d800 Exception <a 'java/lang/NoSuchMethodError': Method sun.misc.Unsafe.defineClass(Ljava/lang/String;[BII)Ljava/lang/Class; name or signature does not match> (0x0000000780907cc8) thrown at [C:\src\AOSP-openjdk-git\hotspot\src\share\vm\prims\jni.cpp, line 4013
Event: 0.067 Thread 0x000000000300d800 Exception <a 'java/lang/NoSuchMethodError': Method sun.misc.Unsafe.prefetchRead(Ljava/lang/Object;J)V name or signature does not match> (0x0000000780907fb0) thrown at [C:\src\AOSP-openjdk-git\hotspot\src\share\vm\prims\jni.cpp, line 4013]

Events (10 events):
Event: 0.121 loading class sun/net/www/protocol/jar/Handler done
Event: 0.121 loading class sun/misc/Launcher$AppClassLoader$1
Event: 0.121 loading class sun/misc/Launcher$AppClassLoader$1 done
Event: 0.122 loading class java/lang/SystemClassLoaderAction
Event: 0.122 loading class java/lang/SystemClassLoaderAction done
Event: 0.122 Thread 0x000000001a1e0800 Thread added: 0x000000001a1e0800
Event: 0.122 Thread 0x000000001a1e2000 Thread added: 0x000000001a1e2000
Event: 0.122 Thread 0x000000001a1e5800 Thread added: 0x000000001a1e5800
Event: 0.123 Thread 0x000000001a1e9800 Thread added: 0x000000001a1e9800
Event: 0.123 Thread 0x000000001a1f1800 Thread added: 0x000000001a1f1800


Dynamic libraries:
0x00007ff655640000 - 0x00007ff655671000 	C:\Program Files\Android\Android Studio\jre\bin\java.EXE
0x00007fffed8b0000 - 0x00007fffedaa6000 	C:\WINDOWS\SYSTEM32\ntdll.dll
0x00007fffec870000 - 0x00007fffec92d000 	C:\WINDOWS\System32\KERNEL32.DLL
0x00007fffeb000000 - 0x00007fffeb2c8000 	C:\WINDOWS\System32\KERNELBASE.dll
0x00007fffecd40000 - 0x00007fffecdea000 	C:\WINDOWS\System32\ADVAPI32.dll
0x00007fffecc90000 - 0x00007fffecd2e000 	C:\WINDOWS\System32\msvcrt.dll
0x00007fffece50000 - 0x00007fffeceeb000 	C:\WINDOWS\System32\sechost.dll
0x00007fffec590000 - 0x00007fffec6b4000 	C:\WINDOWS\System32\RPCRT4.dll
0x00007fffec990000 - 0x00007fffecb30000 	C:\WINDOWS\System32\USER32.dll
0x00007fffeb5c0000 - 0x00007fffeb5e2000 	C:\WINDOWS\System32\win32u.dll
0x00007fffec430000 - 0x00007fffec45a000 	C:\WINDOWS\System32\GDI32.dll
0x00007fffeb2d0000 - 0x00007fffeb3d9000 	C:\WINDOWS\System32\gdi32full.dll
0x00007fffeb720000 - 0x00007fffeb7bd000 	C:\WINDOWS\System32\msvcp_win.dll
0x00007fffeb5f0000 - 0x00007fffeb6f0000 	C:\WINDOWS\System32\ucrtbase.dll
0x00007fffe0ea0000 - 0x00007fffe113b000 	C:\WINDOWS\WinSxS\amd64_microsoft.windows.common-controls_6595b64144ccf1df_6.0.19041.488_none_ca04af081b815d21\COMCTL32.dll
0x00007fffecb30000 - 0x00007fffecb60000 	C:\WINDOWS\System32\IMM32.DLL
0x0000000056fd0000 - 0x00000000570a2000 	C:\Program Files\Android\Android Studio\jre\jre\bin\msvcr100.dll
0x0000000057b20000 - 0x000000005836b000 	C:\Program Files\Android\Android Studio\jre\jre\bin\server\jvm.dll
0x00007fffecd30000 - 0x00007fffecd38000 	C:\WINDOWS\System32\PSAPI.DLL
0x00007fffe8820000 - 0x00007fffe8829000 	C:\WINDOWS\SYSTEM32\WSOCK32.dll
0x00007fffed490000 - 0x00007fffed4fb000 	C:\WINDOWS\System32\WS2_32.dll
0x00007fffdaed0000 - 0x00007fffdaef7000 	C:\WINDOWS\SYSTEM32\WINMM.dll
0x00007fffe4ee0000 - 0x00007fffe4eea000 	C:\WINDOWS\SYSTEM32\VERSION.dll
0x00007fffdc470000 - 0x00007fffdc47f000 	C:\Program Files\Android\Android Studio\jre\jre\bin\verify.dll
0x00007fffd41f0000 - 0x00007fffd4219000 	C:\Program Files\Android\Android Studio\jre\jre\bin\java.dll
0x00007fffd96a0000 - 0x00007fffd96b6000 	C:\Program Files\Android\Android Studio\jre\jre\bin\zip.dll
0x00007fffebcf0000 - 0x00007fffec430000 	C:\WINDOWS\System32\SHELL32.dll
0x00007fffe9170000 - 0x00007fffe9904000 	C:\WINDOWS\SYSTEM32\windows.storage.dll
0x00007fffed500000 - 0x00007fffed855000 	C:\WINDOWS\System32\combase.dll
0x00007fffea9a0000 - 0x00007fffea9cc000 	C:\WINDOWS\SYSTEM32\Wldp.dll
0x00007fffed380000 - 0x00007fffed42e000 	C:\WINDOWS\System32\SHCORE.dll
0x00007fffec930000 - 0x00007fffec985000 	C:\WINDOWS\System32\shlwapi.dll
0x00007fffeaf30000 - 0x00007fffeaf56000 	C:\WINDOWS\SYSTEM32\profapi.dll

VM Arguments:
java_command: <unknown>
java_class_path (initial): .
Launcher Type: SUN_STANDARD

Environment Variables:
PATH=C:\WINDOWS\system32;C:\WINDOWS;C:\WINDOWS\System32\Wbem;C:\WINDOWS\System32\WindowsPowerShell\v1.0\;C:\WINDOWS\System32\OpenSSH\;C:\src\flutter\bin;C:\Program Files\Git\cmd;C:\Users\Android\AppData\Local\Microsoft\WindowsApps;C:\src\flutter\bin;;C:\src\flutter\bin\mingit\cmd
USERNAME=Android
OS=Windows_NT
PROCESSOR_IDENTIFIER=Intel64 Family 6 Model 60 Stepping 3, GenuineIntel



---------------  S Y S T E M  ---------------

OS: Windows 10.0 , 64 bit Build 19041 (10.0.19041.546)

CPU:total 4 (initial active 4) (2 cores per cpu, 2 threads per core) family 6 model 60 stepping 3, cmov, cx8, fxsr, mmx, sse, sse2, sse3, ssse3, sse4.1, sse4.2, popcnt, avx, avx2, aes, clmul, erms, lzcnt, ht, tsc, tscinvbit, bmi1, bmi2

Memory: 4k page, physical 12474696k(1990340k free), swap 12474696k(4440k free)

vm_info: OpenJDK 64-Bit Server VM (25.242-b01) for windows-amd64 JRE (1.8.0_242-release-1644-b01), built by "builder" with MS VC++ 10.0 (VS2010)

time: Mon Oct 12 10:54:16 2020
timezone: India Standard Time
elapsed time: 0 seconds (0d 0h 0m 0s)

