#
# There is insufficient memory for the Java Runtime Environment to continue.
# Native memory allocation (malloc) failed to allocate 611376 bytes for Chunk::new
# Possible reasons:
#   The system is out of physical RAM or swap space
#   The process is running with CompressedOops enabled, and the Java Heap may be blocking the growth of the native heap
# Possible solutions:
#   Reduce memory load on the system
#   Increase physical memory or swap space
#   Check if swap backing store is full
#   Decrease Java heap size (-Xmx/-Xms)
#   Decrease number of Java threads
#   Decrease Java thread stack sizes (-Xss)
#   Set larger code cache with -XX:ReservedCodeCacheSize=
#   JVM is running with Unscaled Compressed Oops mode in which the Java heap is
#     placed in the first 4GB address space. The Java Heap base address is the
#     maximum limit for the native heap growth. Please use -XX:HeapBaseMinAddress
#     to set the Java Heap base and to place the Java Heap above 4GB virtual address.
# This output file may be truncated or incomplete.
#
#  Out of Memory Error (allocation.cpp:389), pid=3160, tid=0x00000000000004c4
#
# JRE version: OpenJDK Runtime Environment (8.0_242-b01) (build 1.8.0_242-release-1644-b01)
# Java VM: OpenJDK 64-Bit Server VM (25.242-b01 mixed mode windows-amd64 compressed oops)
# Failed to write core dump. Minidumps are not enabled by default on client versions of Windows
#

---------------  T H R E A D  ---------------

Current thread (0x0000000016217800):  JavaThread "C2 CompilerThread0" daemon [_thread_in_native, id=1220, stack(0x0000000017880000,0x0000000017980000)]

Stack: [0x0000000017880000,0x0000000017980000]
[error occurred during error reporting (printing stack bounds), id 0xc0000005]

Native frames: (J=compiled Java code, j=interpreted, Vv=VM code, C=native code)


Current CompileTask:
C2:  22862 6191       4       sun.reflect.generics.parser.SignatureParser::parsePackageNameAndSimpleClassTypeSignature (139 bytes)


---------------  P R O C E S S  ---------------

Java Threads: ( => current thread )
  0x000000001a4e7800 JavaThread "Memory manager" [_thread_blocked, id=6956, stack(0x0000000022c40000,0x0000000022d40000)]
  0x000000001a4e4000 JavaThread "Cache worker for Build Output Cleanup Cache (C:\Users\Android\Desktop\Lucky Disk\Live Projects\DesiFlea_Flutter\Jarurisaman(11-08-2020)(08-53-AM)\android\.gradle\buildOutputCleanup)" [_thread_blocked, id=9368, stack(0x0000000021fc0000,0x00000000220c0000)]
  0x000000001a4e3000 JavaThread "Build operations Thread 4" [_thread_blocked, id=7896, stack(0x00000000218c0000,0x00000000219c0000)]
  0x000000001a4e2800 JavaThread "Build operations Thread 3" [_thread_blocked, id=9192, stack(0x00000000217c0000,0x00000000218c0000)]
  0x000000001a4e1800 JavaThread "Build operations Thread 2" [_thread_blocked, id=4368, stack(0x00000000216c0000,0x00000000217c0000)]
  0x000000001a4e1000 JavaThread "Build operations" [_thread_blocked, id=236, stack(0x00000000215c0000,0x00000000216c0000)]
  0x000000001a4e6000 JavaThread "Cache worker for execution history cache (C:\Users\Android\.gradle\caches\5.6.2\executionHistory)" [_thread_blocked, id=228, stack(0x00000000202b0000,0x00000000203b0000)]
  0x0000000019c8a000 JavaThread "Cache worker for cache directory md-rule (C:\Users\Android\.gradle\caches\5.6.2\md-rule)" [_thread_blocked, id=4308, stack(0x000000001ffb0000,0x00000000200b0000)]
  0x0000000019c88800 JavaThread "Cache worker for cache directory md-supplier (C:\Users\Android\.gradle\caches\5.6.2\md-supplier)" [_thread_blocked, id=9584, stack(0x000000001feb0000,0x000000001ffb0000)]
  0x0000000019c8b000 JavaThread "Cache worker for file hash cache (C:\Users\Android\Desktop\Lucky Disk\Live Projects\DesiFlea_Flutter\Jarurisaman(11-08-2020)(08-53-AM)\android\.gradle\5.6.2\fileHashes)" [_thread_blocked, id=7656, stack(0x000000001e340000,0x000000001e440000)]
  0x0000000019c89800 JavaThread "Cache worker for journal cache (C:\Users\Android\.gradle\caches\journal-1)" [_thread_blocked, id=1136, stack(0x000000001bda0000,0x000000001bea0000)]
  0x0000000019c8d800 JavaThread "File lock request listener" [_thread_in_native, id=664, stack(0x000000001bca0000,0x000000001bda0000)]
  0x0000000017c19000 JavaThread "Cache worker for file hash cache (C:\Users\Android\.gradle\caches\5.6.2\fileHashes)" [_thread_blocked, id=1888, stack(0x000000001bba0000,0x000000001bca0000)]
  0x0000000019c05000 JavaThread "Thread-9" [_thread_blocked, id=4192, stack(0x000000001baa0000,0x000000001bba0000)]
  0x0000000019bfb000 JavaThread "Stdin handler" [_thread_blocked, id=8084, stack(0x000000001b9a0000,0x000000001baa0000)]
  0x0000000019bf8000 JavaThread "Asynchronous log dispatcher for DefaultDaemonConnection: socket connection from /127.0.0.1:54540 to /127.0.0.1:54541" [_thread_blocked, id=2468, stack(0x000000001b6a0000,0x000000001b7a0000)]
  0x0000000019bf0800 JavaThread "Daemon worker" [_thread_in_native, id=10216, stack(0x000000001b5a0000,0x000000001b6a0000)]
  0x0000000019be7800 JavaThread "Cancel handler" [_thread_blocked, id=9332, stack(0x000000001b4a0000,0x000000001b5a0000)]
  0x0000000019bd7800 JavaThread "Daemon periodic checks" [_thread_blocked, id=5204, stack(0x000000001b3a0000,0x000000001b4a0000)]
  0x0000000019bd6800 JavaThread "Handler for socket connection from /127.0.0.1:54540 to /127.0.0.1:54541" [_thread_in_native, id=192, stack(0x000000001b2a0000,0x000000001b3a0000)]
  0x0000000019bd6000 JavaThread "Daemon" [_thread_blocked, id=7444, stack(0x000000001b1a0000,0x000000001b2a0000)]
  0x0000000019b6b800 JavaThread "Incoming local TCP Connector on port 54540" [_thread_in_native, id=9652, stack(0x000000001af60000,0x000000001b060000)]
  0x0000000019ace000 JavaThread "Daemon health stats" [_thread_blocked, id=4628, stack(0x000000001a920000,0x000000001aa20000)]
  0x0000000017bb0800 JavaThread "Service Thread" daemon [_thread_blocked, id=5760, stack(0x0000000017f80000,0x0000000018080000)]
  0x0000000016229800 JavaThread "C1 CompilerThread2" daemon [_thread_blocked, id=7820, stack(0x0000000017a80000,0x0000000017b80000)]
  0x000000001621c000 JavaThread "C2 CompilerThread1" daemon [_thread_in_native, id=9500, stack(0x0000000017980000,0x0000000017a80000)]
=>0x0000000016217800 JavaThread "C2 CompilerThread0" daemon [_thread_in_native, id=1220, stack(0x0000000017880000,0x0000000017980000)]
  0x0000000016216000 JavaThread "Attach Listener" daemon [_thread_blocked, id=9816, stack(0x0000000017780000,0x0000000017880000)]
  0x0000000016215000 JavaThread "Signal Dispatcher" daemon [_thread_blocked, id=7832, stack(0x0000000017680000,0x0000000017780000)]
  0x000000000289d000 JavaThread "Finalizer" daemon [_thread_blocked, id=1480, stack(0x0000000017480000,0x0000000017580000)]
  0x00000000161f9000 JavaThread "Reference Handler" daemon [_thread_blocked, id=6484, stack(0x0000000017380000,0x0000000017480000)]
  0x000000000279e800 JavaThread "main" [_thread_blocked, id=10128, stack(0x0000000002670000,0x0000000002770000)]

Other Threads:
  0x00000000161d7000 VMThread [stack: 0x0000000017280000,0x0000000017380000] [id=3420]
  0x0000000017bb1000 WatcherThread [stack: 0x0000000018080000,0x0000000018180000] [id=5256]

VM state:not at safepoint (normal execution)

VM Mutex/Monitor currently owned by a thread: None

heap address: 0x00000000a0000000, size: 1536 MB, Compressed Oops mode: 32-bit
Narrow klass base: 0x0000000000000000, Narrow klass shift: 3
Compressed class space size: 1073741824 Address: 0x0000000100000000

Heap:
 PSYoungGen      total 160256K, used 25062K [0x00000000e0000000, 0x00000000edf00000, 0x0000000100000000)
  eden space 141824K, 17% used [0x00000000e0000000,0x00000000e1879b38,0x00000000e8a80000)
  from space 18432K, 0% used [0x00000000e8a80000,0x00000000e8a80000,0x00000000e9c80000)
  to   space 23552K, 0% used [0x00000000ec800000,0x00000000ec800000,0x00000000edf00000)
 ParOldGen       total 208384K, used 41631K [0x00000000a0000000, 0x00000000acb80000, 0x00000000e0000000)
  object space 208384K, 19% used [0x00000000a0000000,0x00000000a28a7de0,0x00000000acb80000)
 Metaspace       used 57661K, capacity 59821K, committed 59944K, reserved 1101824K
  class space    used 7861K, capacity 8398K, committed 8488K, reserved 1048576K

Card table byte_map: [0x0000000011c60000,0x0000000011f70000] byte_map_base: 0x0000000011760000

Marking Bits: (ParMarkBitMap*) 0x00000000582ef030
 Begin Bits: [0x0000000012570000, 0x0000000013d70000)
 End Bits:   [0x0000000013d70000, 0x0000000015570000)

Polling page: 0x0000000000a40000

CodeCache: size=245760Kb used=18954Kb max_used=18954Kb free=226805Kb
 bounds [0x00000000028a0000, 0x0000000003b40000, 0x00000000118a0000]
 total_blobs=6437 nmethods=5642 adapters=707
 compilation: enabled

Compilation events (10 events):
Event: 22.842 Thread 0x0000000016229800 6308       3       org.gradle.internal.typeconversion.TypedNotationConverter::convert (30 bytes)
Event: 22.843 Thread 0x0000000016229800 nmethod 6308 0x0000000003b30090 code [0x0000000003b30240, 0x0000000003b30908]
Event: 22.845 Thread 0x0000000016229800 6309   !   3       java.util.ArrayList::batchRemove (255 bytes)
Event: 22.846 Thread 0x0000000016229800 nmethod 6309 0x0000000003b30b90 code [0x0000000003b30da0, 0x0000000003b31a28]
Event: 22.847 Thread 0x0000000016229800 6310       3       com.google.common.cache.LocalCache::recordsWrite (20 bytes)
Event: 22.847 Thread 0x0000000016229800 nmethod 6310 0x0000000003b320d0 code [0x0000000003b32240, 0x0000000003b325b0]
Event: 22.847 Thread 0x0000000016229800 6311       3       com.google.common.cache.LocalCache::usesWriteQueue (5 bytes)
Event: 22.847 Thread 0x0000000016229800 nmethod 6311 0x0000000003b32690 code [0x0000000003b32800, 0x0000000003b32a30]
Event: 22.850 Thread 0x0000000016229800 6312       3       org.gradle.internal.serialize.kryo.KryoBackedEncoder::writeSmallInt (11 bytes)
Event: 22.850 Thread 0x0000000016229800 nmethod 6312 0x0000000003b32ad0 code [0x0000000003b32c40, 0x0000000003b32e48]

GC Heap History (10 events):
Event: 12.104 GC heap before
{Heap before GC invocations=10 (full 2):
 PSYoungGen      total 127488K, used 10694K [0x00000000e0000000, 0x00000000e8e00000, 0x0000000100000000)
  eden space 113664K, 0% used [0x00000000e0000000,0x00000000e0000000,0x00000000e6f00000)
  from space 13824K, 77% used [0x00000000e7c80000,0x00000000e86f18f8,0x00000000e8a00000)
  to   space 13824K, 0% used [0x00000000e6f00000,0x00000000e6f00000,0x00000000e7c80000)
 ParOldGen       total 91136K, used 10971K [0x00000000a0000000, 0x00000000a5900000, 0x00000000e0000000)
  object space 91136K, 12% used [0x00000000a0000000,0x00000000a0ab6d78,0x00000000a5900000)
 Metaspace       used 34475K, capacity 35432K, committed 35496K, reserved 1079296K
  class space    used 4725K, capacity 5012K, committed 5032K, reserved 1048576K
Event: 12.205 GC heap after
Heap after GC invocations=10 (full 2):
 PSYoungGen      total 127488K, used 0K [0x00000000e0000000, 0x00000000e8e00000, 0x0000000100000000)
  eden space 113664K, 0% used [0x00000000e0000000,0x00000000e0000000,0x00000000e6f00000)
  from space 13824K, 0% used [0x00000000e7c80000,0x00000000e7c80000,0x00000000e8a00000)
  to   space 13824K, 0% used [0x00000000e6f00000,0x00000000e6f00000,0x00000000e7c80000)
 ParOldGen       total 137216K, used 17584K [0x00000000a0000000, 0x00000000a8600000, 0x00000000e0000000)
  object space 137216K, 12% used [0x00000000a0000000,0x00000000a112c068,0x00000000a8600000)
 Metaspace       used 34471K, capacity 35420K, committed 35496K, reserved 1079296K
  class space    used 4724K, capacity 5010K, committed 5032K, reserved 1048576K
}
Event: 15.741 GC heap before
{Heap before GC invocations=11 (full 2):
 PSYoungGen      total 127488K, used 113664K [0x00000000e0000000, 0x00000000e8e00000, 0x0000000100000000)
  eden space 113664K, 100% used [0x00000000e0000000,0x00000000e6f00000,0x00000000e6f00000)
  from space 13824K, 0% used [0x00000000e7c80000,0x00000000e7c80000,0x00000000e8a00000)
  to   space 13824K, 0% used [0x00000000e6f00000,0x00000000e6f00000,0x00000000e7c80000)
 ParOldGen       total 137216K, used 17584K [0x00000000a0000000, 0x00000000a8600000, 0x00000000e0000000)
  object space 137216K, 12% used [0x00000000a0000000,0x00000000a112c068,0x00000000a8600000)
 Metaspace       used 45661K, capacity 46806K, committed 47144K, reserved 1089536K
  class space    used 6097K, capacity 6392K, committed 6440K, reserved 1048576K
Event: 15.757 GC heap after
Heap after GC invocations=11 (full 2):
 PSYoungGen      total 127488K, used 13809K [0x00000000e0000000, 0x00000000eac00000, 0x0000000100000000)
  eden space 113664K, 0% used [0x00000000e0000000,0x00000000e0000000,0x00000000e6f00000)
  from space 13824K, 99% used [0x00000000e6f00000,0x00000000e7c7c730,0x00000000e7c80000)
  to   space 15872K, 0% used [0x00000000e9c80000,0x00000000e9c80000,0x00000000eac00000)
 ParOldGen       total 137216K, used 18507K [0x00000000a0000000, 0x00000000a8600000, 0x00000000e0000000)
  object space 137216K, 13% used [0x00000000a0000000,0x00000000a1212f98,0x00000000a8600000)
 Metaspace       used 45661K, capacity 46806K, committed 47144K, reserved 1089536K
  class space    used 6097K, capacity 6392K, committed 6440K, reserved 1048576K
}
Event: 19.091 GC heap before
{Heap before GC invocations=12 (full 2):
 PSYoungGen      total 127488K, used 127473K [0x00000000e0000000, 0x00000000eac00000, 0x0000000100000000)
  eden space 113664K, 100% used [0x00000000e0000000,0x00000000e6f00000,0x00000000e6f00000)
  from space 13824K, 99% used [0x00000000e6f00000,0x00000000e7c7c730,0x00000000e7c80000)
  to   space 15872K, 0% used [0x00000000e9c80000,0x00000000e9c80000,0x00000000eac00000)
 ParOldGen       total 137216K, used 18507K [0x00000000a0000000, 0x00000000a8600000, 0x00000000e0000000)
  object space 137216K, 13% used [0x00000000a0000000,0x00000000a1212f98,0x00000000a8600000)
 Metaspace       used 50898K, capacity 52566K, committed 52648K, reserved 1095680K
  class space    used 6876K, capacity 7315K, committed 7336K, reserved 1048576K
Event: 19.116 GC heap after
Heap after GC invocations=12 (full 2):
 PSYoungGen      total 157696K, used 15857K [0x00000000e0000000, 0x00000000eb000000, 0x0000000100000000)
  eden space 141824K, 0% used [0x00000000e0000000,0x00000000e0000000,0x00000000e8a80000)
  from space 15872K, 99% used [0x00000000e9c80000,0x00000000eabfc578,0x00000000eac00000)
  to   space 18432K, 0% used [0x00000000e8a80000,0x00000000e8a80000,0x00000000e9c80000)
 ParOldGen       total 137216K, used 19579K [0x00000000a0000000, 0x00000000a8600000, 0x00000000e0000000)
  object space 137216K, 14% used [0x00000000a0000000,0x00000000a131ef30,0x00000000a8600000)
 Metaspace       used 50898K, capacity 52566K, committed 52648K, reserved 1095680K
  class space    used 6876K, capacity 7315K, committed 7336K, reserved 1048576K
}
Event: 21.838 GC heap before
{Heap before GC invocations=13 (full 2):
 PSYoungGen      total 157696K, used 151052K [0x00000000e0000000, 0x00000000eb000000, 0x0000000100000000)
  eden space 141824K, 95% used [0x00000000e0000000,0x00000000e8406e18,0x00000000e8a80000)
  from space 15872K, 99% used [0x00000000e9c80000,0x00000000eabfc578,0x00000000eac00000)
  to   space 18432K, 0% used [0x00000000e8a80000,0x00000000e8a80000,0x00000000e9c80000)
 ParOldGen       total 137216K, used 19579K [0x00000000a0000000, 0x00000000a8600000, 0x00000000e0000000)
  object space 137216K, 14% used [0x00000000a0000000,0x00000000a131ef30,0x00000000a8600000)
 Metaspace       used 56995K, capacity 59065K, committed 59160K, reserved 1099776K
  class space    used 7745K, capacity 8265K, committed 8360K, reserved 1048576K
Event: 21.876 GC heap after
Heap after GC invocations=13 (full 2):
 PSYoungGen      total 160256K, used 18403K [0x00000000e0000000, 0x00000000edf00000, 0x0000000100000000)
  eden space 141824K, 0% used [0x00000000e0000000,0x00000000e0000000,0x00000000e8a80000)
  from space 18432K, 99% used [0x00000000e8a80000,0x00000000e9c78d48,0x00000000e9c80000)
  to   space 23552K, 0% used [0x00000000ec800000,0x00000000ec800000,0x00000000edf00000)
 ParOldGen       total 137216K, used 27037K [0x00000000a0000000, 0x00000000a8600000, 0x00000000e0000000)
  object space 137216K, 19% used [0x00000000a0000000,0x00000000a1a67728,0x00000000a8600000)
 Metaspace       used 56995K, capacity 59065K, committed 59160K, reserved 1099776K
  class space    used 7745K, capacity 8265K, committed 8360K, reserved 1048576K
}
Event: 21.876 GC heap before
{Heap before GC invocations=14 (full 3):
 PSYoungGen      total 160256K, used 18403K [0x00000000e0000000, 0x00000000edf00000, 0x0000000100000000)
  eden space 141824K, 0% used [0x00000000e0000000,0x00000000e0000000,0x00000000e8a80000)
  from space 18432K, 99% used [0x00000000e8a80000,0x00000000e9c78d48,0x00000000e9c80000)
  to   space 23552K, 0% used [0x00000000ec800000,0x00000000ec800000,0x00000000edf00000)
 ParOldGen       total 137216K, used 27037K [0x00000000a0000000, 0x00000000a8600000, 0x00000000e0000000)
  object space 137216K, 19% used [0x00000000a0000000,0x00000000a1a67728,0x00000000a8600000)
 Metaspace       used 56995K, capacity 59065K, committed 59160K, reserved 1099776K
  class space    used 7745K, capacity 8265K, committed 8360K, reserved 1048576K
Event: 22.174 GC heap after
Heap after GC invocations=14 (full 3):
 PSYoungGen      total 160256K, used 0K [0x00000000e0000000, 0x00000000edf00000, 0x0000000100000000)
  eden space 141824K, 0% used [0x00000000e0000000,0x00000000e0000000,0x00000000e8a80000)
  from space 18432K, 0% used [0x00000000e8a80000,0x00000000e8a80000,0x00000000e9c80000)
  to   space 23552K, 0% used [0x00000000ec800000,0x00000000ec800000,0x00000000edf00000)
 ParOldGen       total 208384K, used 41631K [0x00000000a0000000, 0x00000000acb80000, 0x00000000e0000000)
  object space 208384K, 19% used [0x00000000a0000000,0x00000000a28a7de0,0x00000000acb80000)
 Metaspace       used 56995K, capacity 59065K, committed 59160K, reserved 1099776K
  class space    used 7745K, capacity 8265K, committed 8360K, reserved 1048576K
}

Deoptimization events (10 events):
Event: 19.898 Thread 0x0000000019bf0800 Uncommon trap: reason=unstable_if action=reinterpret pc=0x0000000002d9a1b8 method=java.io.WinNTFileSystem.normalize(Ljava/lang/String;II)Ljava/lang/String; @ 103
Event: 20.136 Thread 0x0000000019bf0800 Uncommon trap: reason=unstable_if action=reinterpret pc=0x00000000036b39ec method=java.lang.Class$MethodArray.removeLessSpecifics()V @ 25
Event: 20.987 Thread 0x0000000019bf0800 Uncommon trap: reason=bimorphic action=maybe_recompile pc=0x0000000002aa1aec method=java.util.Arrays.binarySearch0([Ljava/lang/Object;IILjava/lang/Object;Ljava/util/Comparator;)I @ 48
Event: 20.987 Thread 0x0000000019bf0800 Uncommon trap: reason=bimorphic action=maybe_recompile pc=0x0000000002aa1aec method=java.util.Arrays.binarySearch0([Ljava/lang/Object;IILjava/lang/Object;Ljava/util/Comparator;)I @ 48
Event: 20.987 Thread 0x0000000019bf0800 Uncommon trap: reason=bimorphic action=maybe_recompile pc=0x0000000002aa1aec method=java.util.Arrays.binarySearch0([Ljava/lang/Object;IILjava/lang/Object;Ljava/util/Comparator;)I @ 48
Event: 20.987 Thread 0x0000000019bf0800 Uncommon trap: reason=bimorphic action=maybe_recompile pc=0x0000000002aa1aec method=java.util.Arrays.binarySearch0([Ljava/lang/Object;IILjava/lang/Object;Ljava/util/Comparator;)I @ 48
Event: 21.021 Thread 0x0000000019bf0800 Uncommon trap: reason=predicate action=maybe_recompile pc=0x00000000039497b8 method=java.util.AbstractCollection.toArray([Ljava/lang/Object;)[Ljava/lang/Object; @ 49
Event: 21.026 Thread 0x0000000019bf0800 Uncommon trap: reason=unstable_if action=reinterpret pc=0x000000000381faf8 method=org.apache.commons.io.FilenameUtils.doNormalize(Ljava/lang/String;CZ)Ljava/lang/String; @ 501
Event: 21.530 Thread 0x0000000019bf0800 Uncommon trap: reason=bimorphic action=maybe_recompile pc=0x0000000003932264 method=org.codehaus.groovy.util.SingleKeyHashMap.get(Ljava/lang/Object;)Ljava/lang/Object; @ 43
Event: 21.544 Thread 0x0000000019bf0800 Uncommon trap: reason=unstable_if action=reinterpret pc=0x000000000369ce04 method=groovy.lang.MetaClassImpl.filterPropertyMethod(Ljava/lang/Object;ZZ)Ljava/lang/Object; @ 60

Classes redefined (0 events):
No events

Internal exceptions (10 events):
Event: 22.658 Thread 0x0000000019bf0800 Exception <a 'java/lang/ClassNotFoundException': org/gradle/api/tasks/compile/CompileOptions_DecoratedBeanInfo> (0x00000000e0fc60a0) thrown at [C:\src\AOSP-openjdk-git\hotspot\src\share\vm\classfile\systemDictionary.cpp, line 210]
Event: 22.659 Thread 0x0000000019bf0800 Exception <a 'java/lang/ClassNotFoundException': org/gradle/api/tasks/compile/CompileOptionsBeanInfo> (0x00000000e0ff1dd8) thrown at [C:\src\AOSP-openjdk-git\hotspot\src\share\vm\classfile\systemDictionary.cpp, line 210]
Event: 22.659 Thread 0x0000000019bf0800 Exception <a 'java/lang/ClassNotFoundException': org/gradle/api/tasks/compile/AbstractOptionsBeanInfo> (0x00000000e101db88) thrown at [C:\src\AOSP-openjdk-git\hotspot\src\share\vm\classfile\systemDictionary.cpp, line 210]
Event: 22.668 Thread 0x0000000019bf0800 Exception <a 'java/lang/ClassNotFoundException': org/gradle/api/tasks/compile/AbstractOptionsCustomizer> (0x00000000e104a3f0) thrown at [C:\src\AOSP-openjdk-git\hotspot\src\share\vm\classfile\systemDictionary.cpp, line 210]
Event: 22.669 Thread 0x0000000019bf0800 Exception <a 'java/lang/ClassNotFoundException': org/gradle/api/tasks/compile/CompileOptionsCustomizer> (0x00000000e107adc8) thrown at [C:\src\AOSP-openjdk-git\hotspot\src\share\vm\classfile\systemDictionary.cpp, line 210]
Event: 22.672 Thread 0x0000000019bf0800 Exception <a 'java/lang/ClassNotFoundException': org/gradle/api/tasks/compile/CompileOptions_DecoratedCustomizer> (0x00000000e10fb0f0) thrown at [C:\src\AOSP-openjdk-git\hotspot\src\share\vm\classfile\systemDictionary.cpp, line 210]
Event: 22.811 Thread 0x0000000019bf0800 Exception <a 'java/lang/ClassNotFoundException': com/android/build/gradle/internal/api/LibraryVariantOutputImpl_DecoratedBeanInfo> (0x00000000e1532f40) thrown at [C:\src\AOSP-openjdk-git\hotspot\src\share\vm\classfile\systemDictionary.cpp, line 210]
Event: 22.811 Thread 0x0000000019bf0800 Exception <a 'java/lang/ClassNotFoundException': com/android/build/gradle/internal/api/LibraryVariantOutputImplBeanInfo> (0x00000000e1552ca0) thrown at [C:\src\AOSP-openjdk-git\hotspot\src\share\vm\classfile\systemDictionary.cpp, line 210]
Event: 22.812 Thread 0x0000000019bf0800 Exception <a 'java/lang/ClassNotFoundException': com/android/build/gradle/internal/api/LibraryVariantOutputImplCustomizer> (0x00000000e1573628) thrown at [C:\src\AOSP-openjdk-git\hotspot\src\share\vm\classfile\systemDictionary.cpp, line 210]
Event: 22.813 Thread 0x0000000019bf0800 Exception <a 'java/lang/ClassNotFoundException': com/android/build/gradle/internal/api/LibraryVariantOutputImpl_DecoratedCustomizer> (0x00000000e15a17e0) thrown at [C:\src\AOSP-openjdk-git\hotspot\src\share\vm\classfile\systemDictionary.cpp, line 210]

Events (10 events):
Event: 22.829 loading class com/android/builder/model/ProductFlavor
Event: 22.829 loading class com/android/builder/model/ProductFlavor done
Event: 22.829 loading class com/android/builder/model/ProductFlavor
Event: 22.829 loading class com/android/builder/model/ProductFlavor done
Event: 22.830 loading class com/android/builder/model/ProductFlavor
Event: 22.830 loading class com/android/builder/model/ProductFlavor done
Event: 22.830 Thread 0x0000000019bf0800 DEOPT PACKING pc=0x000000000399b523 sp=0x000000001b699c40
Event: 22.830 Thread 0x0000000019bf0800 DEOPT UNPACKING pc=0x00000000028e75d0 sp=0x000000001b6999b0 mode 0
Event: 22.841 Thread 0x0000000019bf0800 DEOPT PACKING pc=0x00000000035db15f sp=0x000000001b69a440
Event: 22.841 Thread 0x0000000019bf0800 DEOPT UNPACKING pc=0x00000000028e75d0 sp=0x000000001b69a188 mode 0


Dynamic libraries:
0x00007ff655640000 - 0x00007ff655671000 	C:\Program Files\Android\Android Studio\jre\bin\java.exe
0x00007fffed8b0000 - 0x00007fffedaa6000 	C:\WINDOWS\SYSTEM32\ntdll.dll
0x00007fffec870000 - 0x00007fffec92d000 	C:\WINDOWS\System32\KERNEL32.DLL
0x00007fffeb000000 - 0x00007fffeb2c8000 	C:\WINDOWS\System32\KERNELBASE.dll
0x00007fffecd40000 - 0x00007fffecdea000 	C:\WINDOWS\System32\ADVAPI32.dll
0x00007fffecc90000 - 0x00007fffecd2e000 	C:\WINDOWS\System32\msvcrt.dll
0x00007fffece50000 - 0x00007fffeceeb000 	C:\WINDOWS\System32\sechost.dll
0x00007fffec590000 - 0x00007fffec6b4000 	C:\WINDOWS\System32\RPCRT4.dll
0x00007fffec990000 - 0x00007fffecb30000 	C:\WINDOWS\System32\USER32.dll
0x00007fffeb5c0000 - 0x00007fffeb5e2000 	C:\WINDOWS\System32\win32u.dll
0x00007fffec430000 - 0x00007fffec45a000 	C:\WINDOWS\System32\GDI32.dll
0x00007fffeb2d0000 - 0x00007fffeb3d9000 	C:\WINDOWS\System32\gdi32full.dll
0x00007fffeb720000 - 0x00007fffeb7bd000 	C:\WINDOWS\System32\msvcp_win.dll
0x00007fffeb5f0000 - 0x00007fffeb6f0000 	C:\WINDOWS\System32\ucrtbase.dll
0x00007fffe0ea0000 - 0x00007fffe113b000 	C:\WINDOWS\WinSxS\amd64_microsoft.windows.common-controls_6595b64144ccf1df_6.0.19041.488_none_ca04af081b815d21\COMCTL32.dll
0x00007fffecb30000 - 0x00007fffecb60000 	C:\WINDOWS\System32\IMM32.DLL
0x0000000056fd0000 - 0x00000000570a2000 	C:\Program Files\Android\Android Studio\jre\jre\bin\msvcr100.dll
0x0000000057b20000 - 0x000000005836b000 	C:\Program Files\Android\Android Studio\jre\jre\bin\server\jvm.dll
0x00007fffecd30000 - 0x00007fffecd38000 	C:\WINDOWS\System32\PSAPI.DLL
0x00007fffe8820000 - 0x00007fffe8829000 	C:\WINDOWS\SYSTEM32\WSOCK32.dll
0x00007fffed490000 - 0x00007fffed4fb000 	C:\WINDOWS\System32\WS2_32.dll
0x00007fffe4ee0000 - 0x00007fffe4eea000 	C:\WINDOWS\SYSTEM32\VERSION.dll
0x00007fffdaed0000 - 0x00007fffdaef7000 	C:\WINDOWS\SYSTEM32\WINMM.dll
0x00007fffdc470000 - 0x00007fffdc47f000 	C:\Program Files\Android\Android Studio\jre\jre\bin\verify.dll
0x00007fffd41f0000 - 0x00007fffd4219000 	C:\Program Files\Android\Android Studio\jre\jre\bin\java.dll
0x00007fffd96a0000 - 0x00007fffd96b6000 	C:\Program Files\Android\Android Studio\jre\jre\bin\zip.dll
0x00007fffebcf0000 - 0x00007fffec430000 	C:\WINDOWS\System32\SHELL32.dll
0x00007fffe9170000 - 0x00007fffe9904000 	C:\WINDOWS\SYSTEM32\windows.storage.dll
0x00007fffed500000 - 0x00007fffed855000 	C:\WINDOWS\System32\combase.dll
0x00007fffea9a0000 - 0x00007fffea9cc000 	C:\WINDOWS\SYSTEM32\Wldp.dll
0x00007fffed380000 - 0x00007fffed42e000 	C:\WINDOWS\System32\SHCORE.dll
0x00007fffec930000 - 0x00007fffec985000 	C:\WINDOWS\System32\shlwapi.dll
0x00007fffeaf30000 - 0x00007fffeaf56000 	C:\WINDOWS\SYSTEM32\profapi.dll
0x00007fffd5960000 - 0x00007fffd597a000 	C:\Program Files\Android\Android Studio\jre\jre\bin\net.dll
0x00007fffea720000 - 0x00007fffea78a000 	C:\WINDOWS\system32\mswsock.dll
0x00007fffd3aa0000 - 0x00007fffd3ab3000 	C:\Program Files\Android\Android Studio\jre\jre\bin\nio.dll
0x00007fffde810000 - 0x00007fffde836000 	C:\Users\Android\.gradle\native\30\windows-amd64\native-platform.dll
0x00007fffd4fb0000 - 0x00007fffd4fbd000 	C:\Program Files\Android\Android Studio\jre\jre\bin\management.dll
0x00007fffea900000 - 0x00007fffea918000 	C:\WINDOWS\SYSTEM32\CRYPTSP.dll
0x00007fffea0b0000 - 0x00007fffea0e4000 	C:\WINDOWS\system32\rsaenh.dll
0x00007fffeb6f0000 - 0x00007fffeb717000 	C:\WINDOWS\System32\bcrypt.dll
0x00007fffeaef0000 - 0x00007fffeaf1e000 	C:\WINDOWS\SYSTEM32\USERENV.dll
0x00007fffeb3e0000 - 0x00007fffeb45f000 	C:\WINDOWS\System32\bcryptprimitives.dll
0x00007fffea8f0000 - 0x00007fffea8fc000 	C:\WINDOWS\SYSTEM32\CRYPTBASE.dll
0x00007fffea410000 - 0x00007fffea44b000 	C:\WINDOWS\SYSTEM32\IPHLPAPI.DLL
0x00007fffed860000 - 0x00007fffed869000 	C:\WINDOWS\System32\NSI.dll
0x00007fffe4950000 - 0x00007fffe4967000 	C:\WINDOWS\SYSTEM32\dhcpcsvc6.DLL
0x00007fffe5370000 - 0x00007fffe538d000 	C:\WINDOWS\SYSTEM32\dhcpcsvc.DLL
0x00007fffea460000 - 0x00007fffea52b000 	C:\WINDOWS\SYSTEM32\DNSAPI.dll

VM Arguments:
jvm_args: -Xmx1536M -Dfile.encoding=windows-1252 -Duser.country=US -Duser.language=en -Duser.variant 
java_command: org.gradle.launcher.daemon.bootstrap.GradleDaemon 5.6.2
java_class_path (initial): C:\Users\Android\.gradle\wrapper\dists\gradle-5.6.2-all\9st6wgf78h16so49nn74lgtbb\gradle-5.6.2\lib\gradle-launcher-5.6.2.jar
Launcher Type: SUN_STANDARD

Environment Variables:
JAVA_HOME=C:\Program Files\Android\Android Studio\jre
CLASSPATH=C:\Users\Android\Desktop\Lucky Disk\Live Projects\DesiFlea_Flutter\Jarurisaman(11-08-2020)(08-53-AM)\android\\gradle\wrapper\gradle-wrapper.jar
PATH=C:\WINDOWS\system32;C:\WINDOWS;C:\WINDOWS\System32\Wbem;C:\WINDOWS\System32\WindowsPowerShell\v1.0\;C:\WINDOWS\System32\OpenSSH\;C:\src\flutter\bin;C:\Program Files\Git\cmd;C:\Users\Android\AppData\Local\Microsoft\WindowsApps;C:\src\flutter\bin;;C:\src\flutter\bin\mingit\cmd
USERNAME=Android
OS=Windows_NT
PROCESSOR_IDENTIFIER=Intel64 Family 6 Model 60 Stepping 3, GenuineIntel



---------------  S Y S T E M  ---------------

OS: Windows 10.0 , 64 bit Build 19041 (10.0.19041.546)

CPU:total 4 (initial active 4) (2 cores per cpu, 2 threads per core) family 6 model 60 stepping 3, cmov, cx8, fxsr, mmx, sse, sse2, sse3, ssse3, sse4.1, sse4.2, popcnt, avx, avx2, aes, clmul, erms, lzcnt, ht, tsc, tscinvbit, bmi1, bmi2

Memory: 4k page, physical 12474696k(1813316k free), swap 12474696k(5360k free)

vm_info: OpenJDK 64-Bit Server VM (25.242-b01) for windows-amd64 JRE (1.8.0_242-release-1644-b01), built by "builder" with MS VC++ 10.0 (VS2010)

time: Mon Oct 12 11:07:23 2020
timezone: India Standard Time
elapsed time: 22 seconds (0d 0h 0m 22s)

